Traceback (most recent call last):
  File "/Users/trevorgordon/.venvs/sandbox/lib/python3.10/site-packages/jupyter_cache/executors/utils.py", line 51, in single_nb_execution
    executenb(
  File "/Users/trevorgordon/.venvs/sandbox/lib/python3.10/site-packages/nbclient/client.py", line 1093, in execute
    return NotebookClient(nb=nb, resources=resources, km=km, **kwargs).execute()
  File "/Users/trevorgordon/.venvs/sandbox/lib/python3.10/site-packages/nbclient/util.py", line 84, in wrapped
    return just_run(coro(*args, **kwargs))
  File "/Users/trevorgordon/.venvs/sandbox/lib/python3.10/site-packages/nbclient/util.py", line 62, in just_run
    return loop.run_until_complete(coro)
  File "/Library/Frameworks/Python.framework/Versions/3.10/lib/python3.10/asyncio/base_events.py", line 641, in run_until_complete
    return future.result()
  File "/Users/trevorgordon/.venvs/sandbox/lib/python3.10/site-packages/nbclient/client.py", line 559, in async_execute
    await self.async_execute_cell(
  File "/Users/trevorgordon/.venvs/sandbox/lib/python3.10/site-packages/nbclient/client.py", line 854, in async_execute_cell
    self._check_raise_for_error(cell, exec_reply)
  File "/Users/trevorgordon/.venvs/sandbox/lib/python3.10/site-packages/nbclient/client.py", line 756, in _check_raise_for_error
    raise CellExecutionError.from_cell_and_msg(cell, exec_reply_content)
nbclient.exceptions.CellExecutionError: An error occurred while executing the following cell:
------------------
num_clusters = 5
num_iterations = 20
km = KMeansCluster(num_clusters=num_clusters, max_iter=10, random_state=2)
y = km.fit(X_train)
df = pd.DataFrame(y, columns=["x", "y", "c"])
------------------

[0;31m---------------------------------------------------------------------------[0m
[0;31mNameError[0m                                 Traceback (most recent call last)
[0;32m/var/folders/sw/31vsr7sd3dggcqkkgn59gsl80000gn/T/ipykernel_32134/788566294.py[0m in [0;36m<module>[0;34m[0m
[1;32m      2[0m [0mnum_iterations[0m [0;34m=[0m [0;36m20[0m[0;34m[0m[0;34m[0m[0m
[1;32m      3[0m [0mkm[0m [0;34m=[0m [0mKMeansCluster[0m[0;34m([0m[0mnum_clusters[0m[0;34m=[0m[0mnum_clusters[0m[0;34m,[0m [0mmax_iter[0m[0;34m=[0m[0;36m10[0m[0;34m,[0m [0mrandom_state[0m[0;34m=[0m[0;36m2[0m[0;34m)[0m[0;34m[0m[0;34m[0m[0m
[0;32m----> 4[0;31m [0my[0m [0;34m=[0m [0mkm[0m[0;34m.[0m[0mfit[0m[0;34m([0m[0mX_train[0m[0;34m)[0m[0;34m[0m[0;34m[0m[0m
[0m[1;32m      5[0m [0mdf[0m [0;34m=[0m [0mpd[0m[0;34m.[0m[0mDataFrame[0m[0;34m([0m[0my[0m[0;34m,[0m [0mcolumns[0m[0;34m=[0m[0;34m[[0m[0;34m"x"[0m[0;34m,[0m [0;34m"y"[0m[0;34m,[0m [0;34m"c"[0m[0;34m][0m[0;34m)[0m[0;34m[0m[0;34m[0m[0m

[0;32m/var/folders/sw/31vsr7sd3dggcqkkgn59gsl80000gn/T/ipykernel_32134/235536697.py[0m in [0;36mfit[0;34m(self, X)[0m
[1;32m     36[0m         """
[1;32m     37[0m         [0mnum_feature_dims[0m [0;34m=[0m [0mX[0m[0;34m.[0m[0mshape[0m[0;34m[[0m[0;36m0[0m[0;34m][0m[0;34m[0m[0;34m[0m[0m
[0;32m---> 38[0;31m         [0mself[0m[0;34m.[0m[0minitialize_cluster_means[0m[0;34m([0m[0mnum_feature_dims[0m[0;34m)[0m[0;34m[0m[0;34m[0m[0m
[0m[1;32m     39[0m         [0mself[0m[0;34m.[0m[0mlosses[0m [0;34m=[0m [0;34m[[0m[0;34m][0m[0;34m[0m[0;34m[0m[0m
[1;32m     40[0m [0;34m[0m[0m

[0;32m/var/folders/sw/31vsr7sd3dggcqkkgn59gsl80000gn/T/ipykernel_32134/235536697.py[0m in [0;36minitialize_cluster_means[0;34m(self, num_feature_dims)[0m
[1;32m     11[0m         [0;32mfor[0m [0mnum_cluster[0m [0;32min[0m [0mrange[0m[0;34m([0m[0mself[0m[0;34m.[0m[0mnum_clusters[0m[0;34m)[0m[0;34m:[0m[0;34m[0m[0;34m[0m[0m
[1;32m     12[0m             [0;32mfor[0m [0mdim[0m [0;32min[0m [0mrange[0m[0;34m([0m[0mnum_feature_dims[0m[0;34m)[0m[0;34m:[0m[0;34m[0m[0;34m[0m[0m
[0;32m---> 13[0;31m                 [0mself[0m[0;34m.[0m[0mcluster_info[0m[0;34m[[0m[0mnum_cluster[0m[0;34m,[0m [0mdim[0m[0;34m][0m [0;34m=[0m [0mnp[0m[0;34m.[0m[0mrandom[0m[0;34m.[0m[0muniform[0m[0;34m([0m[0mlow[0m[0;34m=[0m[0mmins[0m[0;34m[[0m[0;36m0[0m[0;34m][0m[0;34m,[0m [0mhigh[0m[0;34m=[0m[0mmaxs[0m[0;34m[[0m[0;36m0[0m[0;34m][0m[0;34m)[0m[0;34m[0m[0;34m[0m[0m
[0m[1;32m     14[0m [0;34m[0m[0m
[1;32m     15[0m     [0;32mdef[0m [0massign_data_to_cluster[0m[0;34m([0m[0mself[0m[0;34m,[0m [0mX[0m[0;34m)[0m[0;34m:[0m[0;34m[0m[0;34m[0m[0m

[0;31mNameError[0m: name 'mins' is not defined
NameError: name 'mins' is not defined

